<?xml version="1.0" encoding="UTF-8"?>
<testsuite name="FactorialTestParameterisedException" tests="3" skipped="0" failures="0" errors="0" timestamp="2016-11-09T21:56:38" hostname="dmitri-Latitude-E6530" time="0.001">
  <properties/>
  <testcase name="testFactorialCalculationExceptionThrown[0]" classname="FactorialTestParameterisedException" time="0.001"/>
  <testcase name="testFactorialCalculationExceptionThrown[1]" classname="FactorialTestParameterisedException" time="0.0"/>
  <testcase name="testFactorialCalculationExceptionThrown[2]" classname="FactorialTestParameterisedException" time="0.0"/>
  <system-out><![CDATA[]]></system-out>
  <system-err><![CDATA[]]></system-err>
</testsuite>
